Using pre-set license
Built from '2020.3/staging' branch; Version is '2020.3.4f1 (0abb6314276a) revision 703331'; Using compiler version '192528614'; Build Type 'Release'
OS: 'Windows 10 Home Single Language; OS build 19043.1826; Version 2009; 64bit' Language: 'en' Physical Memory: 15809 MB
BatchMode: 1, IsHumanControllingUs: 0, StartBugReporterOnCrash: 0, Is64bit: 1, IsPro: 0

 COMMAND LINE ARGUMENTS:
C:\Program Files\Unity\Hub\Editor\2020.3.4f1\Editor\Unity.exe
-adb2
-batchMode
-noUpm
-name
AssetImportWorker1
-projectPath
D:/Aidan/Documents/Unity/01 - Unix/Unix - Unity
-logFile
Logs/AssetImportWorker1.log
-srvPort
51415
Successfully changed project path to: D:/Aidan/Documents/Unity/01 - Unix/Unix - Unity
D:/Aidan/Documents/Unity/01 - Unix/Unix - Unity
Using Asset Import Pipeline V2.
Refreshing native plugins compatible for Editor in 48.86 ms, found 1 plugins.
Preloading 0 native plugins for Editor in 0.00 ms.
Initialize engine version: 2020.3.4f1 (0abb6314276a)
[Subsystems] Discovering subsystems at path C:/Program Files/Unity/Hub/Editor/2020.3.4f1/Editor/Data/Resources/UnitySubsystems
[Subsystems] Discovering subsystems at path D:/Aidan/Documents/Unity/01 - Unix/Unix - Unity/Assets
GfxDevice: creating device client; threaded=0
Direct3D:
    Version:  Direct3D 11.0 [level 11.1]
    Renderer: NVIDIA GeForce GTX 1650 (ID=0x1f91)
    Vendor:   
    VRAM:     3962 MB
    Driver:   30.0.15.1278
Initialize mono
Mono path[0] = 'C:/Program Files/Unity/Hub/Editor/2020.3.4f1/Editor/Data/Managed'
Mono path[1] = 'C:/Program Files/Unity/Hub/Editor/2020.3.4f1/Editor/Data/MonoBleedingEdge/lib/mono/unityjit'
Mono config path = 'C:/Program Files/Unity/Hub/Editor/2020.3.4f1/Editor/Data/MonoBleedingEdge/etc'
Using monoOptions --debugger-agent=transport=dt_socket,embedding=1,server=y,suspend=n,address=127.0.0.1:56124
Begin MonoManager ReloadAssembly
Registering precompiled unity dll's ...
Register platform support module: C:/Program Files/Unity/Hub/Editor/2020.3.4f1/Editor/Data/PlaybackEngines/WebGLSupport/UnityEditor.WebGL.Extensions.dll
Register platform support module: C:/Program Files/Unity/Hub/Editor/2020.3.4f1/Editor/Data/PlaybackEngines/WindowsStandaloneSupport/UnityEditor.WindowsStandalone.Extensions.dll
Registered in 0.005638 seconds.
Native extension for WindowsStandalone target not found
Native extension for WebGL target not found
Refreshing native plugins compatible for Editor in 45.20 ms, found 1 plugins.
Preloading 0 native plugins for Editor in 0.00 ms.
Mono: successfully reloaded assembly
- Completed reload, in  3.052 seconds
Platform modules already initialized, skipping
Registering precompiled user dll's ...
Registered in 0.002176 seconds.
Begin MonoManager ReloadAssembly
Native extension for WindowsStandalone target not found
Native extension for WebGL target not found
Refreshing native plugins compatible for Editor in 44.38 ms, found 1 plugins.
Preloading 0 native plugins for Editor in 0.00 ms.
Mono: successfully reloaded assembly
- Completed reload, in  4.589 seconds
Platform modules already initialized, skipping
========================================================================
Worker process is ready to serve import requests
Launched and connected shader compiler UnityShaderCompiler.exe after 0.10 seconds
Refreshing native plugins compatible for Editor in 0.48 ms, found 1 plugins.
Preloading 0 native plugins for Editor in 0.00 ms.
Unloading 1851 Unused Serialized files (Serialized files now loaded: 0)
System memory in use before: 88.2 MB.
System memory in use after: 88.3 MB.

Unloading 16 unused Assets to reduce memory usage. Loaded Objects now: 2297.
Total: 3.728400 ms (FindLiveObjects: 0.279300 ms CreateObjectMapping: 0.064100 ms MarkObjects: 3.276500 ms  DeleteObjects: 0.106900 ms)

========================================================================
Received Import Request.
  path: Assets/00-GameRoot/Sprites
  artifactKey: Guid(793c05bd521d70b4e99ef03d3fc30894) Importer(815301076,1909f56bfc062723c751e8b465ee728b)
Start importing Assets/00-GameRoot/Sprites using Guid(793c05bd521d70b4e99ef03d3fc30894) Importer(815301076,1909f56bfc062723c751e8b465ee728b)  -> (artifact id: '5cc040154385f758fcae2db5de7500dc') in 0.013962 seconds
  Import took 0.047769 seconds .

========================================================================
Received Import Request.
  Time since last request: 206.451533 seconds.
  path: Assets/00-GameRoot/Sprites/Unix-Spritespng.png
  artifactKey: Guid(1ec6aeb7404344049854334a33c20671) Importer(815301076,1909f56bfc062723c751e8b465ee728b)
Start importing Assets/00-GameRoot/Sprites/Unix-Spritespng.png using Guid(1ec6aeb7404344049854334a33c20671) Importer(815301076,1909f56bfc062723c751e8b465ee728b)  -> (artifact id: '2a38b1f330c25cf930af410190d13728') in 0.129207 seconds
  Import took 0.160294 seconds .

========================================================================
Received Import Request.
  Time since last request: 27.852003 seconds.
  path: Assets/00-GameRoot/Sprites/Unix-Spritespng.png
  artifactKey: Guid(1ec6aeb7404344049854334a33c20671) Importer(815301076,1909f56bfc062723c751e8b465ee728b)
Start importing Assets/00-GameRoot/Sprites/Unix-Spritespng.png using Guid(1ec6aeb7404344049854334a33c20671) Importer(815301076,1909f56bfc062723c751e8b465ee728b)  -> (artifact id: 'fe4c04278bd1411ebb4e5d38a7250292') in 0.054822 seconds
  Import took 0.078125 seconds .

========================================================================
Received Import Request.
  Time since last request: 100.769601 seconds.
  path: Assets/00-GameRoot/Sprites/Unix-Spritespng.png
  artifactKey: Guid(1ec6aeb7404344049854334a33c20671) Importer(815301076,1909f56bfc062723c751e8b465ee728b)
Start importing Assets/00-GameRoot/Sprites/Unix-Spritespng.png using Guid(1ec6aeb7404344049854334a33c20671) Importer(815301076,1909f56bfc062723c751e8b465ee728b)  -> (artifact id: '6b7f1f0a8de5bcf0ceba8b750cf9c78a') in 0.128401 seconds
  Import took 0.145760 seconds .

========================================================================
Received Import Request.
  Time since last request: 199.910524 seconds.
  path: Packages/com.unity.2d.animation
  artifactKey: Guid(bb5c94055a953b6081dfc49350569eb1) Importer(815301076,1909f56bfc062723c751e8b465ee728b)
Start importing Packages/com.unity.2d.animation using Guid(bb5c94055a953b6081dfc49350569eb1) Importer(815301076,1909f56bfc062723c751e8b465ee728b)  -> (artifact id: '2189443d13514fa9841f50374a4b75c2') in 0.012230 seconds
  Import took 0.302564 seconds .

========================================================================
Received Import Request.
  Time since last request: 465.793886 seconds.
  path: Assets/TextMesh Pro/Resources/Fonts & Materials/FrontPageNeue SDF (BoardOutLine).asset
  artifactKey: Guid(a4d66d8091d6c5d4390f56f56ddc182d) Importer(815301076,1909f56bfc062723c751e8b465ee728b)
Start importing Assets/TextMesh Pro/Resources/Fonts & Materials/FrontPageNeue SDF (BoardOutLine).asset using Guid(a4d66d8091d6c5d4390f56f56ddc182d) Importer(815301076,1909f56bfc062723c751e8b465ee728b)  -> (artifact id: '8b85d1ce4b64a79b183a9476cd1d8c4c') in 0.192544 seconds
  Import took 0.221853 seconds .

========================================================================
Received Import Request.
  Time since last request: 4969.754909 seconds.
  path: Assets/00-GameRoot/Sprites/Unix-Spritespng.png
  artifactKey: Guid(1ec6aeb7404344049854334a33c20671) Importer(815301076,1909f56bfc062723c751e8b465ee728b)
Start importing Assets/00-GameRoot/Sprites/Unix-Spritespng.png using Guid(1ec6aeb7404344049854334a33c20671) Importer(815301076,1909f56bfc062723c751e8b465ee728b)  -> (artifact id: '94f0f831bf72b007521724cfe4d4ff51') in 0.149711 seconds
  Import took 0.229999 seconds .

========================================================================
Received Import Request.
  Time since last request: 174.565790 seconds.
  path: Assets/00-GameRoot/Sprites/Unix-Spritespng.png
  artifactKey: Guid(1ec6aeb7404344049854334a33c20671) Importer(815301076,1909f56bfc062723c751e8b465ee728b)
Start importing Assets/00-GameRoot/Sprites/Unix-Spritespng.png using Guid(1ec6aeb7404344049854334a33c20671) Importer(815301076,1909f56bfc062723c751e8b465ee728b)  -> (artifact id: 'c433a33d15c809ba1a2b1ae4d50a8bb6') in 0.074490 seconds
  Import took 0.080901 seconds .

========================================================================
Received Import Request.
  Time since last request: 88.768806 seconds.
  path: Assets/00-GameRoot/Sprites/Unix-Spritespng.png
  artifactKey: Guid(1ec6aeb7404344049854334a33c20671) Importer(815301076,1909f56bfc062723c751e8b465ee728b)
Start importing Assets/00-GameRoot/Sprites/Unix-Spritespng.png using Guid(1ec6aeb7404344049854334a33c20671) Importer(815301076,1909f56bfc062723c751e8b465ee728b)  -> (artifact id: '422de38f0f2d6f143177f5a2559ac8b0') in 0.081823 seconds
  Import took 0.153634 seconds .

========================================================================
Received Import Request.
  Time since last request: 26.500952 seconds.
  path: Assets/00-GameRoot/Sprites/Unix-Spritespng.png
  artifactKey: Guid(1ec6aeb7404344049854334a33c20671) Importer(815301076,1909f56bfc062723c751e8b465ee728b)
Start importing Assets/00-GameRoot/Sprites/Unix-Spritespng.png using Guid(1ec6aeb7404344049854334a33c20671) Importer(815301076,1909f56bfc062723c751e8b465ee728b)  -> (artifact id: 'c5bb713cc7202d87192510cde0b00ed7') in 0.170729 seconds
  Import took 0.197070 seconds .

========================================================================
Received Import Request.
  Time since last request: 100.774844 seconds.
  path: Assets/00-GameRoot/Sprites/Unix-Spritespng.png
  artifactKey: Guid(1ec6aeb7404344049854334a33c20671) Importer(815301076,1909f56bfc062723c751e8b465ee728b)
Start importing Assets/00-GameRoot/Sprites/Unix-Spritespng.png using Guid(1ec6aeb7404344049854334a33c20671) Importer(815301076,1909f56bfc062723c751e8b465ee728b)  -> (artifact id: '8829dd4c5a1e2d7de8966b3eba4114b7') in 0.082967 seconds
  Import took 0.132418 seconds .

========================================================================
Received Import Request.
  Time since last request: 372.010605 seconds.
  path: Assets/00-GameRoot/Sprites/Unix-Spritespng.png
  artifactKey: Guid(1ec6aeb7404344049854334a33c20671) Importer(815301076,1909f56bfc062723c751e8b465ee728b)
Start importing Assets/00-GameRoot/Sprites/Unix-Spritespng.png using Guid(1ec6aeb7404344049854334a33c20671) Importer(815301076,1909f56bfc062723c751e8b465ee728b)  -> (artifact id: 'e91fbf18f523be51948ecf568b1a6fa6') in 0.082268 seconds
  Import took 0.150828 seconds .

========================================================================
Received Import Request.
  Time since last request: 112.464689 seconds.
  path: Assets/00-GameRoot/Sprites/Unix-Spritespng.png
  artifactKey: Guid(1ec6aeb7404344049854334a33c20671) Importer(815301076,1909f56bfc062723c751e8b465ee728b)
Start importing Assets/00-GameRoot/Sprites/Unix-Spritespng.png using Guid(1ec6aeb7404344049854334a33c20671) Importer(815301076,1909f56bfc062723c751e8b465ee728b)  -> (artifact id: '704104e8acb44db3ebc9059d8b31013d') in 0.063905 seconds
  Import took 0.100559 seconds .

========================================================================
Received Import Request.
  Time since last request: 1297.012982 seconds.
  path: Assets/00-GameRoot/Sprites/Unix-Spritespng.png
  artifactKey: Guid(1ec6aeb7404344049854334a33c20671) Importer(815301076,1909f56bfc062723c751e8b465ee728b)
Start importing Assets/00-GameRoot/Sprites/Unix-Spritespng.png using Guid(1ec6aeb7404344049854334a33c20671) Importer(815301076,1909f56bfc062723c751e8b465ee728b)  -> (artifact id: '115c768f27d73e8a22aa94791bc34a72') in 0.149297 seconds
  Import took 0.220405 seconds .

========================================================================
Received Import Request.
  Time since last request: 18.624644 seconds.
  path: Assets/00-GameRoot/Sprites/Unix-Spritespng.png
  artifactKey: Guid(1ec6aeb7404344049854334a33c20671) Importer(815301076,1909f56bfc062723c751e8b465ee728b)
Start importing Assets/00-GameRoot/Sprites/Unix-Spritespng.png using Guid(1ec6aeb7404344049854334a33c20671) Importer(815301076,1909f56bfc062723c751e8b465ee728b)  -> (artifact id: 'e3c1884a429f9acbd51e884ad534fa82') in 0.097509 seconds
  Import took 0.127672 seconds .

========================================================================
Received Prepare
Registering precompiled user dll's ...
Registered in 0.003203 seconds.
Begin MonoManager ReloadAssembly
Native extension for WindowsStandalone target not found
Native extension for WebGL target not found
Refreshing native plugins compatible for Editor in 0.65 ms, found 1 plugins.
Preloading 0 native plugins for Editor in 0.00 ms.
Mono: successfully reloaded assembly
- Completed reload, in  1.936 seconds
Platform modules already initialized, skipping
Refreshing native plugins compatible for Editor in 0.72 ms, found 1 plugins.
Preloading 0 native plugins for Editor in 0.00 ms.
Unloading 1827 Unused Serialized files (Serialized files now loaded: 0)
System memory in use before: 89.8 MB.
System memory in use after: 89.9 MB.

Unloading 8 unused Assets to reduce memory usage. Loaded Objects now: 2358.
Total: 4.035700 ms (FindLiveObjects: 0.580300 ms CreateObjectMapping: 0.287800 ms MarkObjects: 3.131700 ms  DeleteObjects: 0.033100 ms)

========================================================================
Received Prepare
Registering precompiled user dll's ...
Registered in 0.002948 seconds.
Begin MonoManager ReloadAssembly
Native extension for WindowsStandalone target not found
Native extension for WebGL target not found
Refreshing native plugins compatible for Editor in 0.64 ms, found 1 plugins.
Preloading 0 native plugins for Editor in 0.00 ms.
Mono: successfully reloaded assembly
- Completed reload, in  1.495 seconds
Platform modules already initialized, skipping
Refreshing native plugins compatible for Editor in 0.86 ms, found 1 plugins.
Preloading 0 native plugins for Editor in 0.00 ms.
Unloading 1827 Unused Serialized files (Serialized files now loaded: 0)
System memory in use before: 89.8 MB.
System memory in use after: 89.9 MB.

Unloading 8 unused Assets to reduce memory usage. Loaded Objects now: 2362.
Total: 4.395500 ms (FindLiveObjects: 0.389100 ms CreateObjectMapping: 0.138100 ms MarkObjects: 3.831900 ms  DeleteObjects: 0.033800 ms)

========================================================================
Received Import Request.
  Time since last request: 4535.116082 seconds.
  path: Assets/00-GameRoot/Scripts/Game/GamePlay/Board/Board.cs
  artifactKey: Guid(7e1c7a342b7f7f54caa03bbdff94e171) Importer(815301076,1909f56bfc062723c751e8b465ee728b)
Start importing Assets/00-GameRoot/Scripts/Game/GamePlay/Board/Board.cs using Guid(7e1c7a342b7f7f54caa03bbdff94e171) Importer(815301076,1909f56bfc062723c751e8b465ee728b)  -> (artifact id: 'a2c7b5fe8ed79ca781276ef59282c82b') in 0.030718 seconds
  Import took 0.064772 seconds .

========================================================================
Received Import Request.
  Time since last request: 1.797461 seconds.
  path: Assets/00-GameRoot/Scripts/Game/GamePlay/Board/Board.cs
  artifactKey: Guid(7e1c7a342b7f7f54caa03bbdff94e171) Importer(815301076,1909f56bfc062723c751e8b465ee728b)
Start importing Assets/00-GameRoot/Scripts/Game/GamePlay/Board/Board.cs using Guid(7e1c7a342b7f7f54caa03bbdff94e171) Importer(815301076,1909f56bfc062723c751e8b465ee728b)  -> (artifact id: 'a2c7b5fe8ed79ca781276ef59282c82b') in 0.008285 seconds
  Import took 0.014210 seconds .

========================================================================
Received Prepare
Registering precompiled user dll's ...
Registered in 0.002798 seconds.
Begin MonoManager ReloadAssembly
Native extension for WindowsStandalone target not found
Native extension for WebGL target not found
Refreshing native plugins compatible for Editor in 0.42 ms, found 1 plugins.
Preloading 0 native plugins for Editor in 0.00 ms.
Mono: successfully reloaded assembly
- Completed reload, in  1.355 seconds
Platform modules already initialized, skipping
Refreshing native plugins compatible for Editor in 0.55 ms, found 1 plugins.
Preloading 0 native plugins for Editor in 0.00 ms.
Unloading 1827 Unused Serialized files (Serialized files now loaded: 0)
System memory in use before: 89.8 MB.
System memory in use after: 89.9 MB.

Unloading 8 unused Assets to reduce memory usage. Loaded Objects now: 2366.
Total: 3.674800 ms (FindLiveObjects: 0.399600 ms CreateObjectMapping: 0.153500 ms MarkObjects: 3.096400 ms  DeleteObjects: 0.023100 ms)

========================================================================
Received Prepare
Registering precompiled user dll's ...
Registered in 0.003000 seconds.
Begin MonoManager ReloadAssembly
Native extension for WindowsStandalone target not found
Native extension for WebGL target not found
Refreshing native plugins compatible for Editor in 0.76 ms, found 1 plugins.
Preloading 0 native plugins for Editor in 0.00 ms.
Mono: successfully reloaded assembly
- Completed reload, in  1.560 seconds
Platform modules already initialized, skipping
Refreshing native plugins compatible for Editor in 0.60 ms, found 1 plugins.
Preloading 0 native plugins for Editor in 0.00 ms.
Unloading 1827 Unused Serialized files (Serialized files now loaded: 0)
System memory in use before: 89.8 MB.
System memory in use after: 90.0 MB.

Unloading 8 unused Assets to reduce memory usage. Loaded Objects now: 2370.
Total: 7.019700 ms (FindLiveObjects: 1.090800 ms CreateObjectMapping: 0.340700 ms MarkObjects: 5.550900 ms  DeleteObjects: 0.033900 ms)

========================================================================
Received Prepare
Registering precompiled user dll's ...
Registered in 0.002319 seconds.
Begin MonoManager ReloadAssembly
Native extension for WindowsStandalone target not found
Native extension for WebGL target not found
Refreshing native plugins compatible for Editor in 0.74 ms, found 1 plugins.
Preloading 0 native plugins for Editor in 0.00 ms.
Mono: successfully reloaded assembly
- Completed reload, in  1.348 seconds
Platform modules already initialized, skipping
Refreshing native plugins compatible for Editor in 0.47 ms, found 1 plugins.
Preloading 0 native plugins for Editor in 0.00 ms.
Unloading 1827 Unused Serialized files (Serialized files now loaded: 0)
System memory in use before: 89.8 MB.
System memory in use after: 90.0 MB.

Unloading 8 unused Assets to reduce memory usage. Loaded Objects now: 2374.
Total: 4.438400 ms (FindLiveObjects: 0.876200 ms CreateObjectMapping: 0.236400 ms MarkObjects: 3.295100 ms  DeleteObjects: 0.026800 ms)

========================================================================
Received Prepare
Registering precompiled user dll's ...
Registered in 0.002799 seconds.
Begin MonoManager ReloadAssembly
Native extension for WindowsStandalone target not found
Native extension for WebGL target not found
Refreshing native plugins compatible for Editor in 0.46 ms, found 1 plugins.
Preloading 0 native plugins for Editor in 0.00 ms.
Mono: successfully reloaded assembly
- Completed reload, in  1.426 seconds
Platform modules already initialized, skipping
Refreshing native plugins compatible for Editor in 0.50 ms, found 1 plugins.
Preloading 0 native plugins for Editor in 0.00 ms.
Unloading 1827 Unused Serialized files (Serialized files now loaded: 0)
System memory in use before: 89.9 MB.
System memory in use after: 90.0 MB.

Unloading 8 unused Assets to reduce memory usage. Loaded Objects now: 2378.
Total: 2.832400 ms (FindLiveObjects: 0.447500 ms CreateObjectMapping: 0.095800 ms MarkObjects: 2.267000 ms  DeleteObjects: 0.020200 ms)

========================================================================
Received Prepare
Registering precompiled user dll's ...
Registered in 0.009060 seconds.
Begin MonoManager ReloadAssembly
Native extension for WindowsStandalone target not found
Native extension for WebGL target not found
Refreshing native plugins compatible for Editor in 0.70 ms, found 1 plugins.
Preloading 0 native plugins for Editor in 0.00 ms.
Mono: successfully reloaded assembly
- Completed reload, in  1.428 seconds
Platform modules already initialized, skipping
Refreshing native plugins compatible for Editor in 0.50 ms, found 1 plugins.
Preloading 0 native plugins for Editor in 0.00 ms.
Unloading 1827 Unused Serialized files (Serialized files now loaded: 0)
System memory in use before: 89.9 MB.
System memory in use after: 90.0 MB.

Unloading 8 unused Assets to reduce memory usage. Loaded Objects now: 2382.
Total: 2.765000 ms (FindLiveObjects: 0.272300 ms CreateObjectMapping: 0.059500 ms MarkObjects: 2.405200 ms  DeleteObjects: 0.026300 ms)

========================================================================
Received Prepare
Registering precompiled user dll's ...
Registered in 0.002609 seconds.
Begin MonoManager ReloadAssembly
Native extension for WindowsStandalone target not found
Native extension for WebGL target not found
Refreshing native plugins compatible for Editor in 1.06 ms, found 1 plugins.
Preloading 0 native plugins for Editor in 0.00 ms.
Mono: successfully reloaded assembly
- Completed reload, in  1.350 seconds
Platform modules already initialized, skipping
Refreshing native plugins compatible for Editor in 0.70 ms, found 1 plugins.
Preloading 0 native plugins for Editor in 0.00 ms.
Unloading 1827 Unused Serialized files (Serialized files now loaded: 0)
System memory in use before: 89.9 MB.
System memory in use after: 90.0 MB.

Unloading 8 unused Assets to reduce memory usage. Loaded Objects now: 2386.
Total: 4.333800 ms (FindLiveObjects: 0.543600 ms CreateObjectMapping: 0.264900 ms MarkObjects: 3.498200 ms  DeleteObjects: 0.025200 ms)

========================================================================
Received Prepare
Registering precompiled user dll's ...
Registered in 0.002277 seconds.
Begin MonoManager ReloadAssembly
Native extension for WindowsStandalone target not found
Native extension for WebGL target not found
Refreshing native plugins compatible for Editor in 0.47 ms, found 1 plugins.
Preloading 0 native plugins for Editor in 0.00 ms.
Mono: successfully reloaded assembly
- Completed reload, in  1.316 seconds
Platform modules already initialized, skipping
Refreshing native plugins compatible for Editor in 0.59 ms, found 1 plugins.
Preloading 0 native plugins for Editor in 0.00 ms.
Unloading 1827 Unused Serialized files (Serialized files now loaded: 0)
System memory in use before: 89.9 MB.
System memory in use after: 90.0 MB.

Unloading 8 unused Assets to reduce memory usage. Loaded Objects now: 2390.
Total: 3.852800 ms (FindLiveObjects: 0.575000 ms CreateObjectMapping: 0.152800 ms MarkObjects: 3.101200 ms  DeleteObjects: 0.021400 ms)

========================================================================
Received Import Request.
  Time since last request: 815.154291 seconds.
  path: Assets/00-GameRoot/Scripts/UI.UX/TextColorChange.cs
  artifactKey: Guid(b245e2c782b54a545bb8b554bf0c642b) Importer(815301076,1909f56bfc062723c751e8b465ee728b)
Start importing Assets/00-GameRoot/Scripts/UI.UX/TextColorChange.cs using Guid(b245e2c782b54a545bb8b554bf0c642b) Importer(815301076,1909f56bfc062723c751e8b465ee728b)  -> (artifact id: '511f9e2f2b23de44b89c7e2ef41df466') in 0.020100 seconds
  Import took 0.078997 seconds .

========================================================================
Received Prepare
Registering precompiled user dll's ...
Registered in 0.002282 seconds.
Begin MonoManager ReloadAssembly
Native extension for WindowsStandalone target not found
Native extension for WebGL target not found
Refreshing native plugins compatible for Editor in 0.48 ms, found 1 plugins.
Preloading 0 native plugins for Editor in 0.00 ms.
Mono: successfully reloaded assembly
- Completed reload, in  1.534 seconds
Platform modules already initialized, skipping
Refreshing native plugins compatible for Editor in 0.67 ms, found 1 plugins.
Preloading 0 native plugins for Editor in 0.00 ms.
Unloading 1828 Unused Serialized files (Serialized files now loaded: 0)
System memory in use before: 89.9 MB.
System memory in use after: 90.0 MB.

Unloading 8 unused Assets to reduce memory usage. Loaded Objects now: 2395.
Total: 4.149600 ms (FindLiveObjects: 0.453900 ms CreateObjectMapping: 0.157400 ms MarkObjects: 3.508900 ms  DeleteObjects: 0.026600 ms)

========================================================================
Received Prepare
Registering precompiled user dll's ...
Registered in 0.004876 seconds.
Begin MonoManager ReloadAssembly
Native extension for WindowsStandalone target not found
Native extension for WebGL target not found
Refreshing native plugins compatible for Editor in 0.62 ms, found 1 plugins.
Preloading 0 native plugins for Editor in 0.00 ms.
Mono: successfully reloaded assembly
- Completed reload, in  1.520 seconds
Platform modules already initialized, skipping
Refreshing native plugins compatible for Editor in 0.48 ms, found 1 plugins.
Preloading 0 native plugins for Editor in 0.00 ms.
Unloading 1828 Unused Serialized files (Serialized files now loaded: 0)
System memory in use before: 89.9 MB.
System memory in use after: 90.0 MB.

Unloading 8 unused Assets to reduce memory usage. Loaded Objects now: 2399.
Total: 2.589800 ms (FindLiveObjects: 0.241400 ms CreateObjectMapping: 0.065800 ms MarkObjects: 2.260400 ms  DeleteObjects: 0.021000 ms)

========================================================================
Received Prepare
Registering precompiled user dll's ...
Registered in 0.004122 seconds.
Begin MonoManager ReloadAssembly
Native extension for WindowsStandalone target not found
Native extension for WebGL target not found
Refreshing native plugins compatible for Editor in 0.51 ms, found 1 plugins.
Preloading 0 native plugins for Editor in 0.00 ms.
Mono: successfully reloaded assembly
- Completed reload, in  1.312 seconds
Platform modules already initialized, skipping
Refreshing native plugins compatible for Editor in 0.46 ms, found 1 plugins.
Preloading 0 native plugins for Editor in 0.00 ms.
Unloading 1828 Unused Serialized files (Serialized files now loaded: 0)
System memory in use before: 89.9 MB.
System memory in use after: 90.0 MB.

Unloading 8 unused Assets to reduce memory usage. Loaded Objects now: 2403.
Total: 3.737200 ms (FindLiveObjects: 0.351500 ms CreateObjectMapping: 0.107300 ms MarkObjects: 3.256900 ms  DeleteObjects: 0.019500 ms)

========================================================================
Received Prepare
Registering precompiled user dll's ...
Registered in 0.002367 seconds.
Begin MonoManager ReloadAssembly
Native extension for WindowsStandalone target not found
Native extension for WebGL target not found
Refreshing native plugins compatible for Editor in 0.47 ms, found 1 plugins.
Preloading 0 native plugins for Editor in 0.00 ms.
Mono: successfully reloaded assembly
- Completed reload, in  1.420 seconds
Platform modules already initialized, skipping
Refreshing native plugins compatible for Editor in 0.62 ms, found 1 plugins.
Preloading 0 native plugins for Editor in 0.00 ms.
Unloading 1828 Unused Serialized files (Serialized files now loaded: 0)
System memory in use before: 89.9 MB.
System memory in use after: 90.0 MB.

Unloading 8 unused Assets to reduce memory usage. Loaded Objects now: 2407.
Total: 7.055700 ms (FindLiveObjects: 0.535900 ms CreateObjectMapping: 0.257300 ms MarkObjects: 6.080000 ms  DeleteObjects: 0.177000 ms)

========================================================================
Received Prepare
Registering precompiled user dll's ...
Registered in 0.002724 seconds.
Begin MonoManager ReloadAssembly
Native extension for WindowsStandalone target not found
Native extension for WebGL target not found
Refreshing native plugins compatible for Editor in 0.44 ms, found 1 plugins.
Preloading 0 native plugins for Editor in 0.00 ms.
Mono: successfully reloaded assembly
- Completed reload, in  1.424 seconds
Platform modules already initialized, skipping
Refreshing native plugins compatible for Editor in 0.73 ms, found 1 plugins.
Preloading 0 native plugins for Editor in 0.00 ms.
Unloading 1828 Unused Serialized files (Serialized files now loaded: 0)
System memory in use before: 89.9 MB.
System memory in use after: 90.1 MB.

Unloading 8 unused Assets to reduce memory usage. Loaded Objects now: 2411.
Total: 3.867100 ms (FindLiveObjects: 0.572800 ms CreateObjectMapping: 0.259100 ms MarkObjects: 3.012500 ms  DeleteObjects: 0.020200 ms)

========================================================================
Received Prepare
Registering precompiled user dll's ...
Registered in 0.002458 seconds.
Begin MonoManager ReloadAssembly
Native extension for WindowsStandalone target not found
Native extension for WebGL target not found
Refreshing native plugins compatible for Editor in 0.50 ms, found 1 plugins.
Preloading 0 native plugins for Editor in 0.00 ms.
Mono: successfully reloaded assembly
- Completed reload, in  1.302 seconds
Platform modules already initialized, skipping
Refreshing native plugins compatible for Editor in 0.69 ms, found 1 plugins.
Preloading 0 native plugins for Editor in 0.00 ms.
Unloading 1828 Unused Serialized files (Serialized files now loaded: 0)
System memory in use before: 90.0 MB.
System memory in use after: 90.1 MB.

Unloading 8 unused Assets to reduce memory usage. Loaded Objects now: 2415.
Total: 3.023000 ms (FindLiveObjects: 0.328200 ms CreateObjectMapping: 0.068700 ms MarkObjects: 2.597100 ms  DeleteObjects: 0.026000 ms)

========================================================================
Received Prepare
Registering precompiled user dll's ...
Registered in 0.002353 seconds.
Begin MonoManager ReloadAssembly
Native extension for WindowsStandalone target not found
Native extension for WebGL target not found
Refreshing native plugins compatible for Editor in 0.55 ms, found 1 plugins.
Preloading 0 native plugins for Editor in 0.00 ms.
Mono: successfully reloaded assembly
- Completed reload, in  1.346 seconds
Platform modules already initialized, skipping
Refreshing native plugins compatible for Editor in 0.56 ms, found 1 plugins.
Preloading 0 native plugins for Editor in 0.00 ms.
Unloading 1828 Unused Serialized files (Serialized files now loaded: 0)
System memory in use before: 90.0 MB.
System memory in use after: 90.1 MB.

Unloading 8 unused Assets to reduce memory usage. Loaded Objects now: 2419.
Total: 2.795400 ms (FindLiveObjects: 0.250400 ms CreateObjectMapping: 0.051400 ms MarkObjects: 2.468000 ms  DeleteObjects: 0.024000 ms)

AssetImportWorkerClient::OnTransportError - code=2 error=End of file
